<?xml version="1.0" encoding="UTF-8"?>
<testng-results skipped="0" failed="0" total="1" passed="1">
  <reporter-output>
  </reporter-output>
  <suite name="Default suite" duration-ms="34" started-at="2019-06-15T15:37:44Z" finished-at="2019-06-15T15:37:44Z">
    <groups>
    </groups>
    <test name="Default test" duration-ms="34" started-at="2019-06-15T15:37:44Z" finished-at="2019-06-15T15:37:44Z">
      <class name="Project.teste_coded.testclass">
        <test-method status="PASS" signature="f()[pri:0, instance:Project.teste_coded.testclass@3a82f6ef]" name="f" duration-ms="15" started-at="2019-06-15T11:37:44Z" finished-at="2019-06-15T11:37:44Z">
          <reporter-output>
          </reporter-output>
        </test-method> <!-- f -->
      </class> <!-- Project.teste_coded.testclass -->
    </test> <!-- Default test -->
  </suite> <!-- Default suite -->
</testng-results>
